SF:lib\utils\validation_helper.dart
DA:5,1
DA:6,1
DA:9,1
DA:10,1
DA:17,1
DA:18,1
DA:21,1
DA:22,2
DA:29,0
DA:30,0
DA:31,0
DA:37,1
DA:38,2
DA:39,0
DA:42,1
DA:44,1
DA:47,1
DA:48,2
DA:51,1
DA:52,2
DA:59,0
DA:60,0
DA:61,0
DA:65,0
DA:73,1
DA:74,1
DA:78,0
DA:79,0
DA:83,0
DA:84,0
DA:88,0
DA:89,0
DA:91,0
DA:93,0
DA:94,0
DA:95,0
DA:96,0
DA:105,0
DA:106,0
DA:107,0
DA:108,0
DA:116,0
DA:117,0
DA:118,0
DA:119,0
DA:126,1
DA:127,2
DA:128,1
DA:130,0
LF:49
LH:21
end_of_record
SF:lib\widgets\responsive_builder.dart
DA:11,1
DA:18,1
DA:20,1
DA:22,1
DA:23,1
DA:24,1
DA:26,1
DA:27,0
DA:31,1
DA:32,1
DA:36,1
DA:37,0
DA:41,1
DA:42,1
DA:46,0
DA:60,1
DA:61,4
DA:64,1
DA:65,3
DA:66,2
DA:69,1
DA:70,4
DA:73,0
DA:74,0
DA:77,0
DA:78,0
DA:82,1
DA:83,1
DA:85,1
DA:92,0
DA:93,0
DA:95,0
DA:102,0
DA:103,0
DA:105,0
DA:113,0
DA:114,0
DA:115,0
DA:116,0
DA:117,0
DA:118,0
DA:120,0
DA:121,0
DA:123,0
DA:128,0
DA:129,0
DA:130,0
DA:131,0
DA:132,0
DA:133,0
DA:135,0
DA:136,0
DA:138,0
DA:143,0
DA:144,0
DA:145,0
DA:146,0
DA:149,0
DA:154,0
DA:155,0
DA:157,0
DA:165,0
DA:166,0
DA:167,0
DA:168,0
DA:169,0
DA:170,0
DA:178,0
DA:179,0
DA:180,0
DA:181,0
DA:182,0
DA:183,0
DA:190,0
DA:191,0
DA:193,0
DA:201,0
DA:202,0
DA:204,0
DA:212,0
DA:213,0
DA:216,0
DA:221,0
DA:222,0
DA:226,0
DA:227,0
DA:231,0
DA:232,0
DA:234,0
DA:252,0
DA:261,0
DA:263,0
DA:265,0
DA:266,0
DA:267,0
DA:269,0
DA:270,0
DA:271,0
DA:274,0
DA:275,0
DA:276,0
DA:279,0
DA:281,0
DA:282,0
DA:285,0
DA:286,0
DA:304,0
DA:313,0
DA:315,0
DA:317,0
DA:318,0
DA:319,0
DA:320,0
DA:321,0
DA:322,0
DA:324,0
DA:325,0
DA:326,0
LF:118
LH:22
end_of_record
