SF:lib\models\farming_insight.dart
DA:22,1
DA:41,0
DA:59,0
DA:60,0
DA:61,0
DA:62,0
DA:63,0
DA:64,0
DA:65,0
DA:66,0
DA:67,0
DA:68,0
DA:69,0
DA:70,0
DA:71,0
DA:72,0
DA:73,0
DA:74,0
DA:75,0
DA:79,1
DA:80,1
DA:81,1
DA:82,1
DA:83,1
DA:84,1
DA:85,1
DA:86,1
DA:87,1
DA:88,1
DA:89,1
DA:90,1
DA:91,1
DA:92,1
DA:93,1
DA:94,1
DA:95,1
DA:96,1
DA:100,1
DA:101,1
DA:102,1
DA:103,1
DA:104,1
DA:105,1
DA:106,1
DA:107,1
DA:108,1
DA:109,1
DA:110,1
DA:111,1
DA:112,1
DA:113,1
DA:114,1
DA:115,1
DA:116,1
DA:117,1
DA:121,0
DA:123,0
DA:124,0
LF:58
LH:37
end_of_record
SF:lib\utils\number_converter.dart
DA:5,2
DA:7,2
DA:11,1
DA:12,1
DA:16,3
DA:17,3
DA:19,6
DA:20,1
DA:21,1
LF:9
LH:9
end_of_record
SF:lib\models\supplier_transaction.dart
DA:16,1
DA:29,1
DA:30,1
DA:31,1
DA:32,1
DA:33,1
DA:34,1
DA:35,1
DA:36,1
DA:37,1
DA:38,1
DA:39,1
DA:40,1
DA:44,1
DA:45,1
DA:46,1
DA:47,1
DA:48,1
DA:49,2
DA:50,1
DA:51,1
DA:52,1
DA:53,1
DA:54,1
DA:55,1
DA:59,0
DA:61,0
DA:62,0
DA:64,0
DA:76,0
DA:77,0
DA:78,0
DA:79,0
DA:80,0
DA:81,0
DA:82,0
DA:83,0
DA:84,0
DA:85,0
DA:86,0
LF:40
LH:25
end_of_record
SF:lib\services\insight_generator_service.dart
DA:119,0
DA:128,0
DA:129,0
DA:130,0
DA:131,0
DA:134,0
DA:135,0
DA:136,0
DA:143,0
DA:146,0
DA:153,0
DA:154,0
DA:161,0
DA:168,0
DA:174,0
DA:177,0
DA:187,0
DA:188,0
DA:189,0
DA:197,0
DA:198,0
DA:202,0
DA:203,0
DA:207,0
DA:208,0
DA:214,0
DA:215,0
DA:216,0
DA:220,0
DA:221,0
DA:222,0
DA:226,0
DA:227,0
DA:228,0
DA:231,0
DA:238,0
DA:245,0
DA:248,0
DA:251,0
DA:258,0
DA:259,0
DA:261,0
DA:264,0
DA:265,0
DA:267,0
DA:268,0
DA:273,0
DA:278,0
DA:279,0
DA:280,0
DA:282,0
DA:283,0
DA:285,0
DA:288,0
DA:293,0
DA:294,0
DA:295,0
DA:297,0
DA:300,0
DA:307,0
DA:308,0
DA:309,0
DA:312,0
DA:314,0
DA:318,0
DA:321,0
DA:324,0
DA:327,0
DA:329,0
DA:331,0
DA:342,0
DA:345,0
DA:346,0
DA:348,0
DA:356,0
DA:357,0
DA:359,0
DA:362,0
DA:365,0
DA:370,0
DA:371,0
DA:372,0
DA:374,0
DA:377,0
DA:386,0
DA:389,0
DA:390,0
DA:391,0
DA:394,0
DA:395,0
DA:398,0
DA:399,0
DA:400,0
DA:403,0
DA:404,0
DA:405,0
DA:408,0
DA:409,0
DA:410,0
DA:413,0
DA:414,0
DA:415,0
DA:418,0
DA:419,0
DA:420,0
DA:422,0
DA:426,1
DA:427,2
DA:431,1
DA:432,1
DA:436,1
DA:437,2
DA:441,1
DA:442,2
LF:114
LH:8
end_of_record
SF:lib\models\inventory_item.dart
DA:11,0
DA:20,0
DA:28,0
DA:29,0
DA:30,0
DA:31,0
DA:32,0
DA:33,0
DA:34,0
DA:38,0
DA:39,0
DA:40,0
DA:41,0
DA:42,0
DA:43,0
DA:44,0
DA:45,0
DA:49,0
DA:50,0
DA:51,0
DA:52,0
DA:53,0
DA:54,0
DA:55,0
DA:56,0
DA:60,0
DA:62,0
DA:63,0
LF:28
LH:0
end_of_record
SF:lib\models\sugar_record.dart
DA:12,0
DA:22,0
DA:31,0
DA:32,0
DA:33,0
DA:34,0
DA:35,0
DA:36,0
DA:37,0
DA:38,0
DA:42,0
DA:43,0
DA:44,0
DA:45,0
DA:46,0
DA:47,0
DA:48,0
DA:49,0
DA:50,0
DA:54,0
DA:55,0
DA:56,0
DA:57,0
DA:58,0
DA:59,0
DA:60,0
DA:61,0
DA:62,0
DA:66,0
DA:68,0
DA:69,0
LF:31
LH:0
end_of_record
SF:lib\services\security_service.dart
DA:7,1
DA:10,1
DA:11,3
DA:12,1
DA:13,1
DA:17,0
DA:22,1
DA:23,3
DA:24,1
DA:25,1
DA:29,1
DA:30,2
DA:34,1
DA:37,1
DA:38,1
DA:39,1
DA:40,1
DA:41,1
DA:45,1
DA:47,1
DA:55,1
DA:56,2
DA:60,1
DA:61,2
DA:65,1
DA:66,3
DA:67,3
DA:68,2
DA:72,0
DA:73,0
DA:74,0
DA:75,0
DA:79,0
DA:80,0
DA:81,0
DA:83,0
DA:89,0
DA:90,0
DA:91,0
DA:95,0
DA:96,0
DA:97,0
DA:101,0
DA:102,0
DA:103,0
LF:45
LH:27
end_of_record
SF:lib\services\weather_service.dart
DA:23,1
DA:41,1
DA:42,1
DA:43,2
DA:44,1
DA:45,1
DA:47,1
DA:48,1
DA:49,1
DA:50,2
DA:51,2
DA:52,1
DA:53,2
DA:54,1
DA:55,1
DA:56,1
DA:57,2
DA:58,1
DA:60,2
DA:61,2
DA:62,3
DA:66,1
DA:67,2
DA:68,7
DA:71,0
DA:72,0
DA:73,0
DA:74,0
DA:75,0
DA:76,0
DA:77,0
DA:78,0
DA:79,0
DA:80,0
DA:81,0
DA:82,0
DA:83,0
DA:84,0
DA:85,0
DA:86,0
DA:87,0
DA:104,0
DA:108,0
DA:112,0
DA:114,0
DA:115,0
DA:119,0
DA:120,0
DA:121,0
DA:122,0
DA:124,0
DA:126,0
DA:130,0
DA:134,0
DA:136,0
DA:137,0
DA:145,0
DA:148,0
DA:150,0
DA:153,0
DA:155,0
DA:158,0
DA:167,0
DA:171,0
DA:177,0
DA:179,0
DA:186,0
DA:188,0
DA:192,0
DA:194,0
DA:195,0
DA:199,0
DA:200,0
DA:201,0
DA:203,0
DA:205,0
DA:208,0
DA:212,0
DA:213,0
DA:214,0
DA:217,0
DA:218,0
DA:219,0
DA:220,0
DA:221,0
DA:222,0
DA:225,0
DA:226,0
DA:227,0
DA:229,0
DA:232,0
DA:233,0
DA:234,0
DA:235,0
DA:236,0
DA:237,0
DA:239,0
DA:240,0
DA:241,0
DA:244,0
DA:251,0
DA:252,0
DA:255,0
DA:256,0
DA:257,0
DA:258,0
DA:259,0
DA:263,0
DA:264,0
DA:265,0
DA:266,0
DA:267,0
DA:268,0
DA:269,0
DA:270,0
DA:271,0
LF:116
LH:24
end_of_record
SF:lib\utils\validation_helper.dart
DA:5,1
DA:6,1
DA:9,1
DA:10,1
DA:17,1
DA:18,1
DA:21,1
DA:22,2
DA:29,0
DA:30,0
DA:31,0
DA:37,1
DA:38,2
DA:39,0
DA:42,1
DA:44,1
DA:47,1
DA:48,2
DA:51,1
DA:52,2
DA:59,0
DA:60,0
DA:61,0
DA:65,0
DA:73,1
DA:74,1
DA:78,0
DA:79,0
DA:83,0
DA:84,0
DA:88,0
DA:89,0
DA:91,0
DA:93,0
DA:94,0
DA:95,0
DA:96,0
DA:105,0
DA:106,0
DA:107,0
DA:108,0
DA:116,0
DA:117,0
DA:118,0
DA:119,0
DA:126,1
DA:127,2
DA:128,1
DA:130,0
LF:49
LH:21
end_of_record
SF:lib\widgets\responsive_builder.dart
DA:11,1
DA:18,1
DA:20,1
DA:22,1
DA:23,1
DA:24,1
DA:26,1
DA:27,0
DA:31,1
DA:32,1
DA:36,1
DA:37,0
DA:41,1
DA:42,1
DA:46,0
DA:60,1
DA:61,4
DA:64,1
DA:65,3
DA:66,2
DA:69,1
DA:70,4
DA:73,0
DA:74,0
DA:77,0
DA:78,0
DA:82,1
DA:83,1
DA:85,1
DA:92,0
DA:93,0
DA:95,0
DA:102,0
DA:103,0
DA:105,0
DA:113,0
DA:114,0
DA:115,0
DA:116,0
DA:117,0
DA:118,0
DA:120,0
DA:121,0
DA:123,0
DA:128,0
DA:129,0
DA:130,0
DA:131,0
DA:132,0
DA:133,0
DA:135,0
DA:136,0
DA:138,0
DA:143,0
DA:144,0
DA:145,0
DA:146,0
DA:149,0
DA:154,0
DA:155,0
DA:157,0
DA:165,0
DA:166,0
DA:167,0
DA:168,0
DA:169,0
DA:170,0
DA:178,0
DA:179,0
DA:180,0
DA:181,0
DA:182,0
DA:183,0
DA:190,0
DA:191,0
DA:193,0
DA:201,0
DA:202,0
DA:204,0
DA:212,0
DA:213,0
DA:216,0
DA:221,0
DA:222,0
DA:226,0
DA:227,0
DA:231,0
DA:232,0
DA:234,0
DA:252,0
DA:261,0
DA:263,0
DA:265,0
DA:266,0
DA:267,0
DA:269,0
DA:270,0
DA:271,0
DA:274,0
DA:275,0
DA:276,0
DA:279,0
DA:281,0
DA:282,0
DA:285,0
DA:286,0
DA:304,0
DA:313,0
DA:315,0
DA:317,0
DA:318,0
DA:319,0
DA:320,0
DA:321,0
DA:322,0
DA:324,0
DA:325,0
DA:326,0
LF:118
LH:22
end_of_record
